[debug] [2021-11-26T14:34:11.758Z] ----------------------------------------------------------------------
[debug] [2021-11-26T14:34:11.760Z] Command:       /usr/local/bin/node /usr/local/bin/firebase emulators:start
[debug] [2021-11-26T14:34:11.760Z] CLI Version:   9.23.0
[debug] [2021-11-26T14:34:11.760Z] Platform:      darwin
[debug] [2021-11-26T14:34:11.760Z] Node Version:  v14.15.1
[debug] [2021-11-26T14:34:11.761Z] Time:          Fri Nov 26 2021 15:34:11 GMT+0100 (Central European Standard Time)
[debug] [2021-11-26T14:34:11.761Z] ----------------------------------------------------------------------
[debug] 
[debug] [2021-11-26T14:34:11.824Z] > command requires scopes: ["email","openid","https://www.googleapis.com/auth/cloudplatformprojects.readonly","https://www.googleapis.com/auth/firebase","https://www.googleapis.com/auth/cloud-platform"]
[debug] [2021-11-26T14:34:11.825Z] > authorizing via signed-in user (markus.a.dreyer@gmail.com)
[info] i  emulators: Starting emulators: functions, firestore, hosting {"metadata":{"emulator":{"name":"hub"},"message":"Starting emulators: functions, firestore, hosting"}}
[debug] [2021-11-26T14:34:11.847Z] [hub] writing locator at /var/folders/t1/6xz4sdgd3x3bzjwv248ysd8r0000gn/T/hub-delegation-sequencing-d8ae4.json
[warn] ⚠  functions: The following emulators are not running, calls to these services from the Functions emulator will affect production: auth, database, pubsub, storage {"metadata":{"emulator":{"name":"functions"},"message":"The following emulators are not running, calls to these services from the Functions emulator will affect production: \u001b[1mauth, database, pubsub, storage\u001b[22m"}}
[info] ✔  functions: Using node@14 from host. {"metadata":{"emulator":{"name":"functions"},"message":"Using node@14 from host."}}
[debug] [2021-11-26T14:34:11.891Z] defaultcredentials: writing to file /Users/markusdreyer/.config/firebase/markus_a.dreyer_gmail.com_application_default_credentials.json
[debug] [2021-11-26T14:34:11.896Z] Setting GAC to /Users/markusdreyer/.config/firebase/markus_a.dreyer_gmail.com_application_default_credentials.json {"metadata":{"emulator":{"name":"functions"},"message":"Setting GAC to /Users/markusdreyer/.config/firebase/markus_a.dreyer_gmail.com_application_default_credentials.json"}}
[debug] [2021-11-26T14:34:11.898Z] >>> [apiv2][query] GET https://firebase.googleapis.com/v1beta1/projects/delegation-sequencing-d8ae4/adminSdkConfig [none]
[debug] [2021-11-26T14:34:12.217Z] <<< [apiv2][status] GET https://firebase.googleapis.com/v1beta1/projects/delegation-sequencing-d8ae4/adminSdkConfig 200
[debug] [2021-11-26T14:34:12.217Z] <<< [apiv2][body] GET https://firebase.googleapis.com/v1beta1/projects/delegation-sequencing-d8ae4/adminSdkConfig {"projectId":"delegation-sequencing-d8ae4","storageBucket":"delegation-sequencing-d8ae4.appspot.com","locationId":"europe-central2"}
[debug] [2021-11-26T14:34:12.513Z] Ignoring unsupported arg: projectId {"metadata":{"emulator":{"name":"firestore"},"message":"Ignoring unsupported arg: projectId"}}
[debug] [2021-11-26T14:34:12.513Z] Ignoring unsupported arg: auto_download {"metadata":{"emulator":{"name":"firestore"},"message":"Ignoring unsupported arg: auto_download"}}
[debug] [2021-11-26T14:34:12.513Z] Starting Firestore Emulator with command {"binary":"java","args":["-Dgoogle.cloud_firestore.debug_log_level=FINE","-Duser.language=en","-jar","/Users/markusdreyer/.cache/firebase/emulators/cloud-firestore-emulator-v1.13.1.jar","--host","localhost","--port",8080,"--rules","/Users/markusdreyer/Desktop/school/delegation-sequencing/frontend/firestore.rules","--functions_emulator","localhost:5001"],"optionalArgs":["port","webchannel_port","host","rules","functions_emulator","seed_from_export"],"joinArgs":false} {"metadata":{"emulator":{"name":"firestore"},"message":"Starting Firestore Emulator with command {\"binary\":\"java\",\"args\":[\"-Dgoogle.cloud_firestore.debug_log_level=FINE\",\"-Duser.language=en\",\"-jar\",\"/Users/markusdreyer/.cache/firebase/emulators/cloud-firestore-emulator-v1.13.1.jar\",\"--host\",\"localhost\",\"--port\",8080,\"--rules\",\"/Users/markusdreyer/Desktop/school/delegation-sequencing/frontend/firestore.rules\",\"--functions_emulator\",\"localhost:5001\"],\"optionalArgs\":[\"port\",\"webchannel_port\",\"host\",\"rules\",\"functions_emulator\",\"seed_from_export\"],\"joinArgs\":false}"}}
[info] i  firestore: Firestore Emulator logging to firestore-debug.log {"metadata":{"emulator":{"name":"firestore"},"message":"Firestore Emulator logging to \u001b[1mfirestore-debug.log\u001b[22m"}}
[debug] [2021-11-26T14:34:13.957Z] Nov 26, 2021 3:34:13 PM com.google.cloud.datastore.emulator.firestore.websocket.WebSocketServer start
INFO: Started WebSocket server on ws://localhost:53951
 {"metadata":{"emulator":{"name":"firestore"},"message":"Nov 26, 2021 3:34:13 PM com.google.cloud.datastore.emulator.firestore.websocket.WebSocketServer start\nINFO: Started WebSocket server on ws://localhost:53951\n"}}
[debug] [2021-11-26T14:34:13.977Z] API endpoint: http:// {"metadata":{"emulator":{"name":"firestore"},"message":"API endpoint: http://"}}
[debug] [2021-11-26T14:34:13.978Z] localhost:8080
If you are using a library that supports the FIRESTORE_EMULATOR_HOST environment variable, run:

   export FIRESTORE_EMULATOR_HOST=localhost:8080

Dev App Server is now running.

 {"metadata":{"emulator":{"name":"firestore"},"message":"localhost:8080\nIf you are using a library that supports the FIRESTORE_EMULATOR_HOST environment variable, run:\n\n   export FIRESTORE_EMULATOR_HOST=localhost:8080\n\nDev App Server is now running.\n\n"}}
[debug] [2021-11-26T14:34:14.050Z] >>> [apiv2][query] GET https://firebasehosting.googleapis.com/v1beta1/projects/delegation-sequencing-d8ae4/sites 
[debug] [2021-11-26T14:34:14.961Z] <<< [apiv2][status] GET https://firebasehosting.googleapis.com/v1beta1/projects/delegation-sequencing-d8ae4/sites 200
[debug] [2021-11-26T14:34:14.962Z] <<< [apiv2][body] GET https://firebasehosting.googleapis.com/v1beta1/projects/delegation-sequencing-d8ae4/sites {"sites":[{"name":"projects/208130555525/sites/delegation-sequencing-d8ae4","defaultUrl":"https://delegation-sequencing-d8ae4.web.app","appId":"1:208130555525:web:5ee839107976d9bb82b3ec","type":"DEFAULT_SITE"}]}
[debug] [2021-11-26T14:34:14.962Z] >>> [apiv2][query] GET https://firebase.googleapis.com/v1beta1/projects/delegation-sequencing-d8ae4/webApps/1:208130555525:web:5ee839107976d9bb82b3ec/config [none]
[debug] [2021-11-26T14:34:15.628Z] Nov 26, 2021 3:34:15 PM io.gapi.emulators.netty.HttpVersionRoutingHandler channelRead
INFO: Detected non-HTTP/2 connection.
 {"metadata":{"emulator":{"name":"firestore"},"message":"Nov 26, 2021 3:34:15 PM io.gapi.emulators.netty.HttpVersionRoutingHandler channelRead\nINFO: Detected non-HTTP/2 connection.\n"}}
[debug] [2021-11-26T14:34:15.960Z] <<< [apiv2][status] GET https://firebase.googleapis.com/v1beta1/projects/delegation-sequencing-d8ae4/webApps/1:208130555525:web:5ee839107976d9bb82b3ec/config 200
[debug] [2021-11-26T14:34:15.960Z] <<< [apiv2][body] GET https://firebase.googleapis.com/v1beta1/projects/delegation-sequencing-d8ae4/webApps/1:208130555525:web:5ee839107976d9bb82b3ec/config {"projectId":"delegation-sequencing-d8ae4","appId":"1:208130555525:web:5ee839107976d9bb82b3ec","storageBucket":"delegation-sequencing-d8ae4.appspot.com","locationId":"europe-central2","apiKey":"AIzaSyAmG6gfiY8QojDxjQSes-7S_xLQmJjjUcQ","authDomain":"delegation-sequencing-d8ae4.firebaseapp.com","messagingSenderId":"208130555525","measurementId":"G-7STLL6JLRY"}
[info] i  hosting: Serving hosting files from: build {"metadata":{"emulator":{"name":"hosting"},"message":"Serving hosting files from: \u001b[1mbuild\u001b[22m"}}
[info] ✔  hosting: Local server: http://localhost:5000 {"metadata":{"emulator":{"name":"hosting"},"message":"Local server: \u001b[4m\u001b[1mhttp://localhost:5000\u001b[22m\u001b[24m"}}
[debug] [2021-11-26T14:34:16.031Z] Ignoring unsupported arg: auto_download {"metadata":{"emulator":{"name":"ui"},"message":"Ignoring unsupported arg: auto_download"}}
[debug] [2021-11-26T14:34:16.032Z] Ignoring unsupported arg: port {"metadata":{"emulator":{"name":"ui"},"message":"Ignoring unsupported arg: port"}}
[debug] [2021-11-26T14:34:16.032Z] Starting Emulator UI with command {"binary":"node","args":["/Users/markusdreyer/.cache/firebase/emulators/ui-v1.6.4/server.bundle.js"],"optionalArgs":[],"joinArgs":false} {"metadata":{"emulator":{"name":"ui"},"message":"Starting Emulator UI with command {\"binary\":\"node\",\"args\":[\"/Users/markusdreyer/.cache/firebase/emulators/ui-v1.6.4/server.bundle.js\"],\"optionalArgs\":[],\"joinArgs\":false}"}}
[info] i  ui: Emulator UI logging to ui-debug.log {"metadata":{"emulator":{"name":"ui"},"message":"Emulator UI logging to \u001b[1mui-debug.log\u001b[22m"}}
[debug] [2021-11-26T14:34:16.175Z] Web / API server started at localhost:4000
 {"metadata":{"emulator":{"name":"ui"},"message":"Web / API server started at localhost:4000\n"}}
[info] i  functions: Watching "/Users/markusdreyer/Desktop/school/delegation-sequencing/frontend/functions" for Cloud Functions... {"metadata":{"emulator":{"name":"functions"},"message":"Watching \"/Users/markusdreyer/Desktop/school/delegation-sequencing/frontend/functions\" for Cloud Functions..."}}
[debug] [2021-11-26T14:34:16.320Z] [worker-pool] addWorker(~diagnostic~) {"metadata":{"emulator":{"name":"functions"},"message":"[worker-pool] addWorker(~diagnostic~)"}}
[debug] [2021-11-26T14:34:16.321Z] [worker-pool] Adding worker with key ~diagnostic~, total=1 {"metadata":{"emulator":{"name":"functions"},"message":"[worker-pool] Adding worker with key ~diagnostic~, total=1"}}
[debug] [2021-11-26T14:34:16.321Z] [worker-pool] submitWork(triggerId=) {"metadata":{"emulator":{"name":"functions"},"message":"[worker-pool] submitWork(triggerId=)"}}
[debug] [2021-11-26T14:34:16.322Z] [worker-~diagnostic~-f0c4f6ff-a91e-4760-a80d-280c63528a4f]: Assigning socketPath: /var/folders/t1/6xz4sdgd3x3bzjwv248ysd8r0000gn/T/fire_emu_85949.sock {"metadata":{"emulator":{"name":"functions"},"message":"[worker-~diagnostic~-f0c4f6ff-a91e-4760-a80d-280c63528a4f]: Assigning socketPath: /var/folders/t1/6xz4sdgd3x3bzjwv248ysd8r0000gn/T/fire_emu_85949.sock"}}
[debug] [2021-11-26T14:34:16.323Z] [worker-~diagnostic~-f0c4f6ff-a91e-4760-a80d-280c63528a4f]: BUSY {"metadata":{"emulator":{"name":"functions"},"message":"[worker-~diagnostic~-f0c4f6ff-a91e-4760-a80d-280c63528a4f]: BUSY"}}
[debug] [2021-11-26T14:34:16.591Z] [runtime-status] [85949] Functions runtime initialized. {"cwd":"/Users/markusdreyer/Desktop/school/delegation-sequencing/frontend/functions","node_version":"14.15.1"} {"metadata":{"emulator":{"name":"functions"},"message":"[runtime-status] [85949] Functions runtime initialized. {\"cwd\":\"/Users/markusdreyer/Desktop/school/delegation-sequencing/frontend/functions\",\"node_version\":\"14.15.1\"}"}}
[debug] [2021-11-26T14:34:16.592Z] [runtime-status] [85949] Disabled runtime features: undefined {"metadata":{"emulator":{"name":"functions"},"message":"[runtime-status] [85949] Disabled runtime features: undefined"}}
[debug] [2021-11-26T14:34:16.595Z] [runtime-status] [85949] Resolved module firebase-admin {"declared":true,"installed":true,"version":"9.12.0","resolution":"/Users/markusdreyer/Desktop/school/delegation-sequencing/frontend/functions/node_modules/firebase-admin/lib/index.js"} {"metadata":{"emulator":{"name":"functions"},"message":"[runtime-status] [85949] Resolved module firebase-admin {\"declared\":true,\"installed\":true,\"version\":\"9.12.0\",\"resolution\":\"/Users/markusdreyer/Desktop/school/delegation-sequencing/frontend/functions/node_modules/firebase-admin/lib/index.js\"}"}}
[debug] [2021-11-26T14:34:16.599Z] [runtime-status] [85949] Resolved module firebase-functions {"declared":true,"installed":true,"version":"3.16.0","resolution":"/Users/markusdreyer/Desktop/school/delegation-sequencing/frontend/functions/node_modules/firebase-functions/lib/index.js"} {"metadata":{"emulator":{"name":"functions"},"message":"[runtime-status] [85949] Resolved module firebase-functions {\"declared\":true,\"installed\":true,\"version\":\"3.16.0\",\"resolution\":\"/Users/markusdreyer/Desktop/school/delegation-sequencing/frontend/functions/node_modules/firebase-functions/lib/index.js\"}"}}
[debug] [2021-11-26T14:34:16.600Z] [runtime-status] [85949] Outgoing network have been stubbed. [{"name":"http","status":"mocked"},{"name":"http","status":"mocked"},{"name":"https","status":"mocked"},{"name":"https","status":"mocked"},{"name":"net","status":"mocked"}] {"metadata":{"emulator":{"name":"functions"},"message":"[runtime-status] [85949] Outgoing network have been stubbed. [{\"name\":\"http\",\"status\":\"mocked\"},{\"name\":\"http\",\"status\":\"mocked\"},{\"name\":\"https\",\"status\":\"mocked\"},{\"name\":\"https\",\"status\":\"mocked\"},{\"name\":\"net\",\"status\":\"mocked\"}]"}}
[debug] [2021-11-26T14:34:16.601Z] [runtime-status] [85949] Resolved module firebase-functions {"declared":true,"installed":true,"version":"3.16.0","resolution":"/Users/markusdreyer/Desktop/school/delegation-sequencing/frontend/functions/node_modules/firebase-functions/lib/index.js"} {"metadata":{"emulator":{"name":"functions"},"message":"[runtime-status] [85949] Resolved module firebase-functions {\"declared\":true,\"installed\":true,\"version\":\"3.16.0\",\"resolution\":\"/Users/markusdreyer/Desktop/school/delegation-sequencing/frontend/functions/node_modules/firebase-functions/lib/index.js\"}"}}
[debug] [2021-11-26T14:34:16.668Z] [runtime-status] [85949] Checked functions.config() {"config":{}} {"metadata":{"emulator":{"name":"functions"},"message":"[runtime-status] [85949] Checked functions.config() {\"config\":{}}"}}
[debug] [2021-11-26T14:34:16.669Z] [runtime-status] [85949] firebase-functions has been stubbed. {"functionsResolution":{"declared":true,"installed":true,"version":"3.16.0","resolution":"/Users/markusdreyer/Desktop/school/delegation-sequencing/frontend/functions/node_modules/firebase-functions/lib/index.js"}} {"metadata":{"emulator":{"name":"functions"},"message":"[runtime-status] [85949] firebase-functions has been stubbed. {\"functionsResolution\":{\"declared\":true,\"installed\":true,\"version\":\"3.16.0\",\"resolution\":\"/Users/markusdreyer/Desktop/school/delegation-sequencing/frontend/functions/node_modules/firebase-functions/lib/index.js\"}}"}}
[debug] [2021-11-26T14:34:16.669Z] [runtime-status] [85949] Resolved module firebase-functions {"declared":true,"installed":true,"version":"3.16.0","resolution":"/Users/markusdreyer/Desktop/school/delegation-sequencing/frontend/functions/node_modules/firebase-functions/lib/index.js"} {"metadata":{"emulator":{"name":"functions"},"message":"[runtime-status] [85949] Resolved module firebase-functions {\"declared\":true,\"installed\":true,\"version\":\"3.16.0\",\"resolution\":\"/Users/markusdreyer/Desktop/school/delegation-sequencing/frontend/functions/node_modules/firebase-functions/lib/index.js\"}"}}
[debug] [2021-11-26T14:34:16.670Z] [runtime-status] [85949] Resolved module firebase-admin {"declared":true,"installed":true,"version":"9.12.0","resolution":"/Users/markusdreyer/Desktop/school/delegation-sequencing/frontend/functions/node_modules/firebase-admin/lib/index.js"} {"metadata":{"emulator":{"name":"functions"},"message":"[runtime-status] [85949] Resolved module firebase-admin {\"declared\":true,\"installed\":true,\"version\":\"9.12.0\",\"resolution\":\"/Users/markusdreyer/Desktop/school/delegation-sequencing/frontend/functions/node_modules/firebase-admin/lib/index.js\"}"}}
[debug] [2021-11-26T14:34:16.672Z] [runtime-status] [85949] Resolved module firebase-functions {"declared":true,"installed":true,"version":"3.16.0","resolution":"/Users/markusdreyer/Desktop/school/delegation-sequencing/frontend/functions/node_modules/firebase-functions/lib/index.js"} {"metadata":{"emulator":{"name":"functions"},"message":"[runtime-status] [85949] Resolved module firebase-functions {\"declared\":true,\"installed\":true,\"version\":\"3.16.0\",\"resolution\":\"/Users/markusdreyer/Desktop/school/delegation-sequencing/frontend/functions/node_modules/firebase-functions/lib/index.js\"}"}}
[debug] [2021-11-26T14:34:16.672Z] [runtime-status] [85949] firebase-admin has been stubbed. {"adminResolution":{"declared":true,"installed":true,"version":"9.12.0","resolution":"/Users/markusdreyer/Desktop/school/delegation-sequencing/frontend/functions/node_modules/firebase-admin/lib/index.js"}} {"metadata":{"emulator":{"name":"functions"},"message":"[runtime-status] [85949] firebase-admin has been stubbed. {\"adminResolution\":{\"declared\":true,\"installed\":true,\"version\":\"9.12.0\",\"resolution\":\"/Users/markusdreyer/Desktop/school/delegation-sequencing/frontend/functions/node_modules/firebase-admin/lib/index.js\"}}"}}
[info] >  Initialize Clingo {"user":"Initialize Clingo","metadata":{"emulator":{"name":"functions"},"message":"\u001b[90m> \u001b[39m Initialize Clingo"}}
[info] ✔  functions[us-central1-api]: http function initialized (http://localhost:5001/delegation-sequencing-d8ae4/us-central1/api). {"metadata":{"emulator":{"name":"functions"},"message":"\u001b[1mhttp\u001b[22m function initialized (http://localhost:5001/delegation-sequencing-d8ae4/us-central1/api)."}}
[info] 
┌─────────────────────────────────────────────────────────────┐
│ ✔  All emulators ready! It is now safe to connect your app. │
│ i  View Emulator UI at http://localhost:4000                │
└─────────────────────────────────────────────────────────────┘

┌───────────┬────────────────┬─────────────────────────────────┐
│ Emulator  │ Host:Port      │ View in Emulator UI             │
├───────────┼────────────────┼─────────────────────────────────┤
│ Functions │ localhost:5001 │ http://localhost:4000/functions │
├───────────┼────────────────┼─────────────────────────────────┤
│ Firestore │ localhost:8080 │ http://localhost:4000/firestore │
├───────────┼────────────────┼─────────────────────────────────┤
│ Hosting   │ localhost:5000 │ n/a                             │
└───────────┴────────────────┴─────────────────────────────────┘
  Emulator Hub running at localhost:4400
  Other reserved ports: 4500

Issues? Report them at https://github.com/firebase/firebase-tools/issues and attach the *-debug.log files.
 
[debug] [2021-11-26T14:34:16.898Z] [worker-~diagnostic~-f0c4f6ff-a91e-4760-a80d-280c63528a4f]: IDLE {"metadata":{"emulator":{"name":"functions"},"message":"[worker-~diagnostic~-f0c4f6ff-a91e-4760-a80d-280c63528a4f]: IDLE"}}
[debug] [2021-11-26T14:34:16.963Z] Nov 26, 2021 3:34:16 PM io.gapi.emulators.netty.HttpVersionRoutingHandler channelRead
INFO: Detected non-HTTP/2 connection.
 {"metadata":{"emulator":{"name":"firestore"},"message":"Nov 26, 2021 3:34:16 PM io.gapi.emulators.netty.HttpVersionRoutingHandler channelRead\nINFO: Detected non-HTTP/2 connection.\n"}}
[debug] [2021-11-26T14:34:51.081Z] Nov 26, 2021 3:34:51 PM io.gapi.emulators.netty.HttpVersionRoutingHandler channelRead
INFO: Detected non-HTTP/2 connection.
 {"metadata":{"emulator":{"name":"firestore"},"message":"Nov 26, 2021 3:34:51 PM io.gapi.emulators.netty.HttpVersionRoutingHandler channelRead\nINFO: Detected non-HTTP/2 connection.\n"}}
[debug] [2021-11-26T14:34:51.116Z] Nov 26, 2021 3:34:51 PM io.gapi.emulators.netty.HttpVersionRoutingHandler channelRead
INFO: Detected non-HTTP/2 connection.
 {"metadata":{"emulator":{"name":"firestore"},"message":"Nov 26, 2021 3:34:51 PM io.gapi.emulators.netty.HttpVersionRoutingHandler channelRead\nINFO: Detected non-HTTP/2 connection.\n"}}
[debug] [2021-11-26T14:35:32.112Z] Nov 26, 2021 3:35:32 PM io.gapi.emulators.netty.HttpVersionRoutingHandler channelRead
INFO: Detected non-HTTP/2 connection.
 {"metadata":{"emulator":{"name":"firestore"},"message":"Nov 26, 2021 3:35:32 PM io.gapi.emulators.netty.HttpVersionRoutingHandler channelRead\nINFO: Detected non-HTTP/2 connection.\n"}}
[debug] [2021-11-26T14:35:51.141Z] Nov 26, 2021 3:35:51 PM io.gapi.emulators.netty.HttpVersionRoutingHandler channelRead
INFO: Detected non-HTTP/2 connection.
 {"metadata":{"emulator":{"name":"firestore"},"message":"Nov 26, 2021 3:35:51 PM io.gapi.emulators.netty.HttpVersionRoutingHandler channelRead\nINFO: Detected non-HTTP/2 connection.\n"}}
[debug] [2021-11-26T14:36:32.252Z] Nov 26, 2021 3:36:32 PM io.gapi.emulators.netty.HttpVersionRoutingHandler channelRead
INFO: Detected non-HTTP/2 connection.
 {"metadata":{"emulator":{"name":"firestore"},"message":"Nov 26, 2021 3:36:32 PM io.gapi.emulators.netty.HttpVersionRoutingHandler channelRead\nINFO: Detected non-HTTP/2 connection.\n"}}
[debug] [2021-11-26T14:36:51.167Z] Nov 26, 2021 3:36:51 PM io.gapi.emulators.netty.HttpVersionRoutingHandler channelRead
INFO: Detected non-HTTP/2 connection.
 {"metadata":{"emulator":{"name":"firestore"},"message":"Nov 26, 2021 3:36:51 PM io.gapi.emulators.netty.HttpVersionRoutingHandler channelRead\nINFO: Detected non-HTTP/2 connection.\n"}}
[debug] [2021-11-26T14:37:32.366Z] Nov 26, 2021 3:37:32 PM io.gapi.emulators.netty.HttpVersionRoutingHandler channelRead
INFO: Detected non-HTTP/2 connection.
 {"metadata":{"emulator":{"name":"firestore"},"message":"Nov 26, 2021 3:37:32 PM io.gapi.emulators.netty.HttpVersionRoutingHandler channelRead\nINFO: Detected non-HTTP/2 connection.\n"}}
[debug] [2021-11-26T14:37:51.190Z] Nov 26, 2021 3:37:51 PM io.gapi.emulators.netty.HttpVersionRoutingHandler channelRead
INFO: Detected non-HTTP/2 connection.
 {"metadata":{"emulator":{"name":"firestore"},"message":"Nov 26, 2021 3:37:51 PM io.gapi.emulators.netty.HttpVersionRoutingHandler channelRead\nINFO: Detected non-HTTP/2 connection.\n"}}
[debug] [2021-11-26T14:38:32.494Z] Nov 26, 2021 3:38:32 PM io.gapi.emulators.netty.HttpVersionRoutingHandler channelRead
INFO: Detected non-HTTP/2 connection.
 {"metadata":{"emulator":{"name":"firestore"},"message":"Nov 26, 2021 3:38:32 PM io.gapi.emulators.netty.HttpVersionRoutingHandler channelRead\nINFO: Detected non-HTTP/2 connection.\n"}}
[debug] [2021-11-26T14:38:51.215Z] Nov 26, 2021 3:38:51 PM io.gapi.emulators.netty.HttpVersionRoutingHandler channelRead
INFO: Detected non-HTTP/2 connection.
 {"metadata":{"emulator":{"name":"firestore"},"message":"Nov 26, 2021 3:38:51 PM io.gapi.emulators.netty.HttpVersionRoutingHandler channelRead\nINFO: Detected non-HTTP/2 connection.\n"}}
[debug] [2021-11-26T14:39:32.615Z] Nov 26, 2021 3:39:32 PM io.gapi.emulators.netty.HttpVersionRoutingHandler channelRead
INFO: Detected non-HTTP/2 connection.
 {"metadata":{"emulator":{"name":"firestore"},"message":"Nov 26, 2021 3:39:32 PM io.gapi.emulators.netty.HttpVersionRoutingHandler channelRead\nINFO: Detected non-HTTP/2 connection.\n"}}
[debug] [2021-11-26T14:39:51.239Z] Nov 26, 2021 3:39:51 PM io.gapi.emulators.netty.HttpVersionRoutingHandler channelRead
INFO: Detected non-HTTP/2 connection.
 {"metadata":{"emulator":{"name":"firestore"},"message":"Nov 26, 2021 3:39:51 PM io.gapi.emulators.netty.HttpVersionRoutingHandler channelRead\nINFO: Detected non-HTTP/2 connection.\n"}}
[debug] [2021-11-26T14:40:32.738Z] Nov 26, 2021 3:40:32 PM io.gapi.emulators.netty.HttpVersionRoutingHandler channelRead
INFO: Detected non-HTTP/2 connection.
 {"metadata":{"emulator":{"name":"firestore"},"message":"Nov 26, 2021 3:40:32 PM io.gapi.emulators.netty.HttpVersionRoutingHandler channelRead\nINFO: Detected non-HTTP/2 connection.\n"}}
[debug] [2021-11-26T14:40:51.264Z] Nov 26, 2021 3:40:51 PM io.gapi.emulators.netty.HttpVersionRoutingHandler channelRead
INFO: Detected non-HTTP/2 connection.
 {"metadata":{"emulator":{"name":"firestore"},"message":"Nov 26, 2021 3:40:51 PM io.gapi.emulators.netty.HttpVersionRoutingHandler channelRead\nINFO: Detected non-HTTP/2 connection.\n"}}
[debug] [2021-11-26T14:41:32.859Z] Nov 26, 2021 3:41:32 PM io.gapi.emulators.netty.HttpVersionRoutingHandler channelRead
INFO: Detected non-HTTP/2 connection.
 {"metadata":{"emulator":{"name":"firestore"},"message":"Nov 26, 2021 3:41:32 PM io.gapi.emulators.netty.HttpVersionRoutingHandler channelRead\nINFO: Detected non-HTTP/2 connection.\n"}}
[debug] [2021-11-26T14:41:51.290Z] Nov 26, 2021 3:41:51 PM io.gapi.emulators.netty.HttpVersionRoutingHandler channelRead
INFO: Detected non-HTTP/2 connection.
 {"metadata":{"emulator":{"name":"firestore"},"message":"Nov 26, 2021 3:41:51 PM io.gapi.emulators.netty.HttpVersionRoutingHandler channelRead\nINFO: Detected non-HTTP/2 connection.\n"}}
[debug] [2021-11-26T14:42:17.893Z] Received signal SIGINT (Ctrl-C) 1
[info]  
[info] i  emulators: Received SIGINT (Ctrl-C) for the first time. Starting a clean shutdown. 
[info] i  emulators: Please wait for a clean shutdown or send the SIGINT (Ctrl-C) signal again to stop right now. 
[info] i  emulators: Shutting down emulators. {"metadata":{"emulator":{"name":"hub"},"message":"Shutting down emulators."}}
[info] i  ui: Stopping Emulator UI {"metadata":{"emulator":{"name":"ui"},"message":"Stopping Emulator UI"}}
[warn] ⚠  Emulator UI has exited upon receiving signal: SIGINT 
[info] i  functions: Stopping Functions Emulator {"metadata":{"emulator":{"name":"functions"},"message":"Stopping Functions Emulator"}}
[info] i  hosting: Stopping Hosting Emulator {"metadata":{"emulator":{"name":"hosting"},"message":"Stopping Hosting Emulator"}}
[info] i  firestore: Stopping Firestore Emulator {"metadata":{"emulator":{"name":"firestore"},"message":"Stopping Firestore Emulator"}}
[debug] [2021-11-26T14:42:17.903Z] *** shutting down gRPC server since JVM is shutting down
 {"metadata":{"emulator":{"name":"firestore"},"message":"*** shutting down gRPC server since JVM is shutting down\n"}}
[debug] [2021-11-26T14:42:17.912Z] *** server shut down
 {"metadata":{"emulator":{"name":"firestore"},"message":"*** server shut down\n"}}
[debug] [2021-11-26T14:42:17.916Z] [worker-~diagnostic~-f0c4f6ff-a91e-4760-a80d-280c63528a4f]: exited {"metadata":{"emulator":{"name":"functions"},"message":"[worker-~diagnostic~-f0c4f6ff-a91e-4760-a80d-280c63528a4f]: exited"}}
[debug] [2021-11-26T14:42:17.917Z] [worker-~diagnostic~-f0c4f6ff-a91e-4760-a80d-280c63528a4f]: FINISHED {"metadata":{"emulator":{"name":"functions"},"message":"[worker-~diagnostic~-f0c4f6ff-a91e-4760-a80d-280c63528a4f]: FINISHED"}}
[info] i  hub: Stopping emulator hub {"metadata":{"emulator":{"name":"hub"},"message":"Stopping emulator hub"}}
[info] i  logging: Stopping Logging Emulator {"metadata":{"emulator":{"name":"logging"},"message":"Stopping Logging Emulator"}}
